# JRE version: OpenJDK Runtime Environment (8.0_232-b09) (build 1.8.0_232-8u232-b09-0ubuntu1~16.04.1-b09)
# Java VM: OpenJDK 64-Bit Server VM (25.232-b09 mixed mode linux-amd64 compressed oops)
Heap:
 PSYoungGen      total 133120K, used 3809K [0x00000000d6f80000, 0x00000000e3380000, 0x0000000100000000)
  eden space 124416K, 3% used [0x00000000d6f80000,0x00000000d7338650,0x00000000de900000)
  from space 8704K, 0% used [0x00000000de900000,0x00000000de900000,0x00000000df180000)
  to   space 10240K, 0% used [0x00000000e2980000,0x00000000e2980000,0x00000000e3380000)
 ParOldGen       total 86016K, used 13946K [0x0000000084e00000, 0x000000008a200000, 0x00000000d6f80000)
  object space 86016K, 16% used [0x0000000084e00000,0x0000000085b9e9d8,0x000000008a200000)
 Metaspace       used 34395K, capacity 35346K, committed 35544K, reserved 1079296K
  class space    used 4656K, capacity 4981K, committed 5080K, reserved 1048576K
GC Heap History (10 events):
Event: 7,177 GC heap before
{Heap before GC invocations=5 (full 0):
 PSYoungGen      total 68608K, used 64468K [0x00000000d6f80000, 0x00000000db780000, 0x0000000100000000)
  eden space 63488K, 94% used [0x00000000d6f80000,0x00000000daa32e10,0x00000000dad80000)
  from space 5120K, 85% used [0x00000000db280000,0x00000000db6c2418,0x00000000db780000)
  to   space 5120K, 0% used [0x00000000dad80000,0x00000000dad80000,0x00000000db280000)
 ParOldGen       total 84992K, used 32K [0x0000000084e00000, 0x000000008a100000, 0x00000000d6f80000)
  object space 84992K, 0% used [0x0000000084e00000,0x0000000084e08000,0x000000008a100000)
 Metaspace       used 20799K, capacity 21127K, committed 21248K, reserved 1067008K
  class space    used 2629K, capacity 2735K, committed 2816K, reserved 1048576K
Event: 7,188 GC heap after
Heap after GC invocations=5 (full 0):
 PSYoungGen      total 68608K, used 5111K [0x00000000d6f80000, 0x00000000dfa80000, 0x0000000100000000)
  eden space 63488K, 0% used [0x00000000d6f80000,0x00000000d6f80000,0x00000000dad80000)
  from space 5120K, 99% used [0x00000000dad80000,0x00000000db27de80,0x00000000db280000)
  to   space 7680K, 0% used [0x00000000df300000,0x00000000df300000,0x00000000dfa80000)
 ParOldGen       total 84992K, used 3160K [0x0000000084e00000, 0x000000008a100000, 0x00000000d6f80000)
  object space 84992K, 3% used [0x0000000084e00000,0x0000000085116180,0x000000008a100000)
 Metaspace       used 20799K, capacity 21127K, committed 21248K, reserved 1067008K
  class space    used 2629K, capacity 2735K, committed 2816K, reserved 1048576K
}
Event: 7,188 GC heap before
{Heap before GC invocations=6 (full 1):
 PSYoungGen      total 68608K, used 5111K [0x00000000d6f80000, 0x00000000dfa80000, 0x0000000100000000)
  eden space 63488K, 0% used [0x00000000d6f80000,0x00000000d6f80000,0x00000000dad80000)
  from space 5120K, 99% used [0x00000000dad80000,0x00000000db27de80,0x00000000db280000)
  to   space 7680K, 0% used [0x00000000df300000,0x00000000df300000,0x00000000dfa80000)
 ParOldGen       total 84992K, used 3160K [0x0000000084e00000, 0x000000008a100000, 0x00000000d6f80000)
  object space 84992K, 3% used [0x0000000084e00000,0x0000000085116180,0x000000008a100000)
 Metaspace       used 20799K, capacity 21127K, committed 21248K, reserved 1067008K
  class space    used 2629K, capacity 2735K, committed 2816K, reserved 1048576K
Event: 7,230 GC heap after
Heap after GC invocations=6 (full 1):
 PSYoungGen      total 68608K, used 0K [0x00000000d6f80000, 0x00000000dfa80000, 0x0000000100000000)
  eden space 63488K, 0% used [0x00000000d6f80000,0x00000000d6f80000,0x00000000dad80000)
  from space 5120K, 0% used [0x00000000dad80000,0x00000000dad80000,0x00000000db280000)
  to   space 7680K, 0% used [0x00000000df300000,0x00000000df300000,0x00000000dfa80000)
 ParOldGen       total 52224K, used 8126K [0x0000000084e00000, 0x0000000088100000, 0x00000000d6f80000)
  object space 52224K, 15% used [0x0000000084e00000,0x00000000855ef968,0x0000000088100000)
 Metaspace       used 20799K, capacity 21127K, committed 21248K, reserved 1067008K
  class space    used 2629K, capacity 2735K, committed 2816K, reserved 1048576K
}
Event: 8,616 GC heap before
{Heap before GC invocations=7 (full 1):
 PSYoungGen      total 68608K, used 63488K [0x00000000d6f80000, 0x00000000dfa80000, 0x0000000100000000)
  eden space 63488K, 100% used [0x00000000d6f80000,0x00000000dad80000,0x00000000dad80000)
  from space 5120K, 0% used [0x00000000dad80000,0x00000000dad80000,0x00000000db280000)
  to   space 7680K, 0% used [0x00000000df300000,0x00000000df300000,0x00000000dfa80000)
 ParOldGen       total 52224K, used 8126K [0x0000000084e00000, 0x0000000088100000, 0x00000000d6f80000)
  object space 52224K, 15% used [0x0000000084e00000,0x00000000855ef968,0x0000000088100000)
 Metaspace       used 28967K, capacity 29921K, committed 30336K, reserved 1075200K
  class space    used 3784K, capacity 4110K, committed 4224K, reserved 1048576K
Event: 8,627 GC heap after
Heap after GC invocations=7 (full 1):
 PSYoungGen      total 113664K, used 7032K [0x00000000d6f80000, 0x00000000dfa00000, 0x0000000100000000)
  eden space 106496K, 0% used [0x00000000d6f80000,0x00000000d6f80000,0x00000000dd780000)
  from space 7168K, 98% used [0x00000000df300000,0x00000000df9de0e0,0x00000000dfa00000)
  to   space 8704K, 0% used [0x00000000de900000,0x00000000de900000,0x00000000df180000)
 ParOldGen       total 52224K, used 8134K [0x0000000084e00000, 0x0000000088100000, 0x00000000d6f80000)
  object space 52224K, 15% used [0x0000000084e00000,0x00000000855f1968,0x0000000088100000)
 Metaspace       used 28967K, capacity 29921K, committed 30336K, reserved 1075200K
  class space    used 3784K, capacity 4110K, committed 4224K, reserved 1048576K
}
Event: 9,649 GC heap before
{Heap before GC invocations=8 (full 1):
 PSYoungGen      total 113664K, used 87399K [0x00000000d6f80000, 0x00000000dfa00000, 0x0000000100000000)
  eden space 106496K, 75% used [0x00000000d6f80000,0x00000000dbdfbc28,0x00000000dd780000)
  from space 7168K, 98% used [0x00000000df300000,0x00000000df9de0e0,0x00000000dfa00000)
  to   space 8704K, 0% used [0x00000000de900000,0x00000000de900000,0x00000000df180000)
 ParOldGen       total 52224K, used 8134K [0x0000000084e00000, 0x0000000088100000, 0x00000000d6f80000)
  object space 52224K, 15% used [0x0000000084e00000,0x00000000855f1968,0x0000000088100000)
 Metaspace       used 34384K, capacity 35314K, committed 35416K, reserved 1079296K
  class space    used 4654K, capacity 4949K, committed 4952K, reserved 1048576K
Event: 9,666 GC heap after
Heap after GC invocations=8 (full 1):
 PSYoungGen      total 133120K, used 8684K [0x00000000d6f80000, 0x00000000e3380000, 0x0000000100000000)
  eden space 124416K, 0% used [0x00000000d6f80000,0x00000000d6f80000,0x00000000de900000)
  from space 8704K, 99% used [0x00000000de900000,0x00000000df17b3b0,0x00000000df180000)
  to   space 10240K, 0% used [0x00000000e2980000,0x00000000e2980000,0x00000000e3380000)
 ParOldGen       total 52224K, used 8823K [0x0000000084e00000, 0x0000000088100000, 0x00000000d6f80000)
  object space 52224K, 16% used [0x0000000084e00000,0x000000008569dcd8,0x0000000088100000)
 Metaspace       used 34384K, capacity 35314K, committed 35416K, reserved 1079296K
  class space    used 4654K, capacity 4949K, committed 4952K, reserved 1048576K
}
Event: 9,666 GC heap before
{Heap before GC invocations=9 (full 2):
 PSYoungGen      total 133120K, used 8684K [0x00000000d6f80000, 0x00000000e3380000, 0x0000000100000000)
  eden space 124416K, 0% used [0x00000000d6f80000,0x00000000d6f80000,0x00000000de900000)
  from space 8704K, 99% used [0x00000000de900000,0x00000000df17b3b0,0x00000000df180000)
  to   space 10240K, 0% used [0x00000000e2980000,0x00000000e2980000,0x00000000e3380000)
 ParOldGen       total 52224K, used 8823K [0x0000000084e00000, 0x0000000088100000, 0x00000000d6f80000)
  object space 52224K, 16% used [0x0000000084e00000,0x000000008569dcd8,0x0000000088100000)
 Metaspace       used 34384K, capacity 35314K, committed 35416K, reserved 1079296K
  class space    used 4654K, capacity 4949K, committed 4952K, reserved 1048576K
Event: 9,794 GC heap after
Heap after GC invocations=9 (full 2):
 PSYoungGen      total 133120K, used 0K [0x00000000d6f80000, 0x00000000e3380000, 0x0000000100000000)
  eden space 124416K, 0% used [0x00000000d6f80000,0x00000000d6f80000,0x00000000de900000)
  from space 8704K, 0% used [0x00000000de900000,0x00000000de900000,0x00000000df180000)
  to   space 10240K, 0% used [0x00000000e2980000,0x00000000e2980000,0x00000000e3380000)
 ParOldGen       total 86016K, used 13946K [0x0000000084e00000, 0x000000008a200000, 0x00000000d6f80000)
  object space 86016K, 16% used [0x0000000084e00000,0x0000000085b9e9d8,0x000000008a200000)
 Metaspace       used 34384K, capacity 35314K, committed 35416K, reserved 1079296K
  class space    used 4654K, capacity 4949K, committed 4952K, reserved 1048576K
}

