# JRE version: OpenJDK Runtime Environment (8.0_222-b10) (build 1.8.0_222-8u222-b10-1ubuntu1~16.04.1-b10)
# Java VM: OpenJDK 64-Bit Server VM (25.222-b10 mixed mode linux-amd64 compressed oops)
Heap:
 PSYoungGen      total 213504K, used 87209K [0x00000000d6f80000, 0x00000000e5280000, 0x0000000100000000)
  eden space 201216K, 43% used [0x00000000d6f80000,0x00000000dc4aa608,0x00000000e3400000)
  from space 12288K, 0% used [0x00000000e3f80000,0x00000000e3f80000,0x00000000e4b80000)
  to   space 11776K, 0% used [0x00000000e3400000,0x00000000e3400000,0x00000000e3f80000)
 ParOldGen       total 89600K, used 12243K [0x0000000084e00000, 0x000000008a580000, 0x00000000d6f80000)
  object space 89600K, 13% used [0x0000000084e00000,0x00000000859f4c80,0x000000008a580000)
 Metaspace       used 36007K, capacity 37197K, committed 37464K, reserved 1081344K
  class space    used 5102K, capacity 5437K, committed 5504K, reserved 1048576K
GC Heap History (10 events):
Event: 5,492 GC heap before
{Heap before GC invocations=4 (full 0):
 PSYoungGen      total 68608K, used 66919K [0x00000000d6f80000, 0x00000000df580000, 0x0000000100000000)
  eden space 63488K, 97% used [0x00000000d6f80000,0x00000000dabe1890,0x00000000dad80000)
  from space 5120K, 99% used [0x00000000dad80000,0x00000000db278380,0x00000000db280000)
  to   space 5120K, 0% used [0x00000000df080000,0x00000000df080000,0x00000000df580000)
 ParOldGen       total 84992K, used 674K [0x0000000084e00000, 0x000000008a100000, 0x00000000d6f80000)
  object space 84992K, 0% used [0x0000000084e00000,0x0000000084ea8b78,0x000000008a100000)
 Metaspace       used 20761K, capacity 21131K, committed 21248K, reserved 1067008K
  class space    used 2620K, capacity 2735K, committed 2816K, reserved 1048576K
Event: 5,502 GC heap after
Heap after GC invocations=4 (full 0):
 PSYoungGen      total 132096K, used 5114K [0x00000000d6f80000, 0x00000000df580000, 0x0000000100000000)
  eden space 126976K, 0% used [0x00000000d6f80000,0x00000000d6f80000,0x00000000deb80000)
  from space 5120K, 99% used [0x00000000df080000,0x00000000df57eb20,0x00000000df580000)
  to   space 5120K, 0% used [0x00000000deb80000,0x00000000deb80000,0x00000000df080000)
 ParOldGen       total 84992K, used 3612K [0x0000000084e00000, 0x000000008a100000, 0x00000000d6f80000)
  object space 84992K, 4% used [0x0000000084e00000,0x00000000851871e8,0x000000008a100000)
 Metaspace       used 20761K, capacity 21131K, committed 21248K, reserved 1067008K
  class space    used 2620K, capacity 2735K, committed 2816K, reserved 1048576K
}
Event: 5,502 GC heap before
{Heap before GC invocations=5 (full 1):
 PSYoungGen      total 132096K, used 5114K [0x00000000d6f80000, 0x00000000df580000, 0x0000000100000000)
  eden space 126976K, 0% used [0x00000000d6f80000,0x00000000d6f80000,0x00000000deb80000)
  from space 5120K, 99% used [0x00000000df080000,0x00000000df57eb20,0x00000000df580000)
  to   space 5120K, 0% used [0x00000000deb80000,0x00000000deb80000,0x00000000df080000)
 ParOldGen       total 84992K, used 3612K [0x0000000084e00000, 0x000000008a100000, 0x00000000d6f80000)
  object space 84992K, 4% used [0x0000000084e00000,0x00000000851871e8,0x000000008a100000)
 Metaspace       used 20761K, capacity 21131K, committed 21248K, reserved 1067008K
  class space    used 2620K, capacity 2735K, committed 2816K, reserved 1048576K
Event: 5,554 GC heap after
Heap after GC invocations=5 (full 1):
 PSYoungGen      total 132096K, used 0K [0x00000000d6f80000, 0x00000000df580000, 0x0000000100000000)
  eden space 126976K, 0% used [0x00000000d6f80000,0x00000000d6f80000,0x00000000deb80000)
  from space 5120K, 0% used [0x00000000df080000,0x00000000df080000,0x00000000df580000)
  to   space 5120K, 0% used [0x00000000deb80000,0x00000000deb80000,0x00000000df080000)
 ParOldGen       total 55296K, used 7911K [0x0000000084e00000, 0x0000000088400000, 0x00000000d6f80000)
  object space 55296K, 14% used [0x0000000084e00000,0x00000000855b9df8,0x0000000088400000)
 Metaspace       used 20761K, capacity 21131K, committed 21248K, reserved 1067008K
  class space    used 2620K, capacity 2735K, committed 2816K, reserved 1048576K
}
Event: 7,041 GC heap before
{Heap before GC invocations=6 (full 1):
 PSYoungGen      total 132096K, used 126976K [0x00000000d6f80000, 0x00000000df580000, 0x0000000100000000)
  eden space 126976K, 100% used [0x00000000d6f80000,0x00000000deb80000,0x00000000deb80000)
  from space 5120K, 0% used [0x00000000df080000,0x00000000df080000,0x00000000df580000)
  to   space 5120K, 0% used [0x00000000deb80000,0x00000000deb80000,0x00000000df080000)
 ParOldGen       total 55296K, used 7911K [0x0000000084e00000, 0x0000000088400000, 0x00000000d6f80000)
  object space 55296K, 14% used [0x0000000084e00000,0x00000000855b9df8,0x0000000088400000)
 Metaspace       used 32841K, capacity 33819K, committed 34176K, reserved 1079296K
  class space    used 4368K, capacity 4663K, committed 4736K, reserved 1048576K
Event: 7,053 GC heap after
Heap after GC invocations=6 (full 1):
 PSYoungGen      total 132096K, used 5093K [0x00000000d6f80000, 0x00000000e4b80000, 0x0000000100000000)
  eden space 126976K, 0% used [0x00000000d6f80000,0x00000000d6f80000,0x00000000deb80000)
  from space 5120K, 99% used [0x00000000deb80000,0x00000000df079660,0x00000000df080000)
  to   space 12288K, 0% used [0x00000000e3f80000,0x00000000e3f80000,0x00000000e4b80000)
 ParOldGen       total 55296K, used 14404K [0x0000000084e00000, 0x0000000088400000, 0x00000000d6f80000)
  object space 55296K, 26% used [0x0000000084e00000,0x0000000085c11378,0x0000000088400000)
 Metaspace       used 32841K, capacity 33819K, committed 34176K, reserved 1079296K
  class space    used 4368K, capacity 4663K, committed 4736K, reserved 1048576K
}
Event: 7,351 GC heap before
{Heap before GC invocations=7 (full 1):
 PSYoungGen      total 132096K, used 23218K [0x00000000d6f80000, 0x00000000e4b80000, 0x0000000100000000)
  eden space 126976K, 14% used [0x00000000d6f80000,0x00000000d81331e8,0x00000000deb80000)
  from space 5120K, 99% used [0x00000000deb80000,0x00000000df079660,0x00000000df080000)
  to   space 12288K, 0% used [0x00000000e3f80000,0x00000000e3f80000,0x00000000e4b80000)
 ParOldGen       total 55296K, used 14404K [0x0000000084e00000, 0x0000000088400000, 0x00000000d6f80000)
  object space 55296K, 26% used [0x0000000084e00000,0x0000000085c11378,0x0000000088400000)
 Metaspace       used 34282K, capacity 35215K, committed 35416K, reserved 1079296K
  class space    used 4622K, capacity 4919K, committed 4992K, reserved 1048576K
Event: 7,360 GC heap after
Heap after GC invocations=7 (full 1):
 PSYoungGen      total 213504K, used 7409K [0x00000000d6f80000, 0x00000000e5280000, 0x0000000100000000)
  eden space 201216K, 0% used [0x00000000d6f80000,0x00000000d6f80000,0x00000000e3400000)
  from space 12288K, 60% used [0x00000000e3f80000,0x00000000e46bc5e0,0x00000000e4b80000)
  to   space 11776K, 0% used [0x00000000e3400000,0x00000000e3400000,0x00000000e3f80000)
 ParOldGen       total 55296K, used 14412K [0x0000000084e00000, 0x0000000088400000, 0x00000000d6f80000)
  object space 55296K, 26% used [0x0000000084e00000,0x0000000085c13378,0x0000000088400000)
 Metaspace       used 34282K, capacity 35215K, committed 35416K, reserved 1079296K
  class space    used 4622K, capacity 4919K, committed 4992K, reserved 1048576K
}
Event: 7,360 GC heap before
{Heap before GC invocations=8 (full 2):
 PSYoungGen      total 213504K, used 7409K [0x00000000d6f80000, 0x00000000e5280000, 0x0000000100000000)
  eden space 201216K, 0% used [0x00000000d6f80000,0x00000000d6f80000,0x00000000e3400000)
  from space 12288K, 60% used [0x00000000e3f80000,0x00000000e46bc5e0,0x00000000e4b80000)
  to   space 11776K, 0% used [0x00000000e3400000,0x00000000e3400000,0x00000000e3f80000)
 ParOldGen       total 55296K, used 14412K [0x0000000084e00000, 0x0000000088400000, 0x00000000d6f80000)
  object space 55296K, 26% used [0x0000000084e00000,0x0000000085c13378,0x0000000088400000)
 Metaspace       used 34282K, capacity 35215K, committed 35416K, reserved 1079296K
  class space    used 4622K, capacity 4919K, committed 4992K, reserved 1048576K
Event: 7,437 GC heap after
Heap after GC invocations=8 (full 2):
 PSYoungGen      total 213504K, used 0K [0x00000000d6f80000, 0x00000000e5280000, 0x0000000100000000)
  eden space 201216K, 0% used [0x00000000d6f80000,0x00000000d6f80000,0x00000000e3400000)
  from space 12288K, 0% used [0x00000000e3f80000,0x00000000e3f80000,0x00000000e4b80000)
  to   space 11776K, 0% used [0x00000000e3400000,0x00000000e3400000,0x00000000e3f80000)
 ParOldGen       total 89600K, used 12243K [0x0000000084e00000, 0x000000008a580000, 0x00000000d6f80000)
  object space 89600K, 13% used [0x0000000084e00000,0x00000000859f4c80,0x000000008a580000)
 Metaspace       used 34282K, capacity 35215K, committed 35416K, reserved 1079296K
  class space    used 4622K, capacity 4919K, committed 4992K, reserved 1048576K
}

