# JRE version: OpenJDK Runtime Environment (8.0_242-b08) (build 1.8.0_242-8u242-b08-0ubuntu3~16.04-b08)
# Java VM: OpenJDK 64-Bit Server VM (25.242-b08 mixed mode linux-amd64 compressed oops)
Heap:
 PSYoungGen      total 135680K, used 7836K [0x00000000d7180000, 0x00000000e0080000, 0x0000000100000000)
  eden space 125952K, 0% used [0x00000000d7180000,0x00000000d7180000,0x00000000dec80000)
  from space 9728K, 80% used [0x00000000dec80000,0x00000000df4273d8,0x00000000df600000)
  to   space 8704K, 0% used [0x00000000df600000,0x00000000df600000,0x00000000dfe80000)
 ParOldGen       total 84992K, used 4058K [0x0000000085400000, 0x000000008a700000, 0x00000000d7180000)
  object space 84992K, 4% used [0x0000000085400000,0x00000000857f6988,0x000000008a700000)
 Metaspace       used 20969K, capacity 21146K, committed 21296K, reserved 1067008K
  class space    used 2789K, capacity 2878K, committed 2944K, reserved 1048576K
GC Heap History (10 events):
Event: 1,442 GC heap after
Heap after GC invocations=2 (full 0):
 PSYoungGen      total 36864K, used 3390K [0x00000000d7180000, 0x00000000d9a80000, 0x0000000100000000)
  eden space 31744K, 0% used [0x00000000d7180000,0x00000000d7180000,0x00000000d9080000)
  from space 5120K, 66% used [0x00000000d9580000,0x00000000d98cfa70,0x00000000d9a80000)
  to   space 5120K, 0% used [0x00000000d9080000,0x00000000d9080000,0x00000000d9580000)
 ParOldGen       total 84992K, used 16K [0x0000000085400000, 0x000000008a700000, 0x00000000d7180000)
  object space 84992K, 0% used [0x0000000085400000,0x0000000085404000,0x000000008a700000)
 Metaspace       used 7195K, capacity 7302K, committed 7424K, reserved 1056768K
  class space    used 724K, capacity 753K, committed 768K, reserved 1048576K
}
Event: 1,696 GC heap before
{Heap before GC invocations=3 (full 0):
 PSYoungGen      total 36864K, used 35134K [0x00000000d7180000, 0x00000000d9a80000, 0x0000000100000000)
  eden space 31744K, 100% used [0x00000000d7180000,0x00000000d9080000,0x00000000d9080000)
  from space 5120K, 66% used [0x00000000d9580000,0x00000000d98cfa70,0x00000000d9a80000)
  to   space 5120K, 0% used [0x00000000d9080000,0x00000000d9080000,0x00000000d9580000)
 ParOldGen       total 84992K, used 16K [0x0000000085400000, 0x000000008a700000, 0x00000000d7180000)
  object space 84992K, 0% used [0x0000000085400000,0x0000000085404000,0x000000008a700000)
 Metaspace       used 8111K, capacity 8246K, committed 8320K, reserved 1056768K
  class space    used 799K, capacity 849K, committed 896K, reserved 1048576K
Event: 1,711 GC heap after
Heap after GC invocations=3 (full 0):
 PSYoungGen      total 36864K, used 5118K [0x00000000d7180000, 0x00000000db980000, 0x0000000100000000)
  eden space 31744K, 0% used [0x00000000d7180000,0x00000000d7180000,0x00000000d9080000)
  from space 5120K, 99% used [0x00000000d9080000,0x00000000d957fa98,0x00000000d9580000)
  to   space 5120K, 0% used [0x00000000db480000,0x00000000db480000,0x00000000db980000)
 ParOldGen       total 84992K, used 1095K [0x0000000085400000, 0x000000008a700000, 0x00000000d7180000)
  object space 84992K, 1% used [0x0000000085400000,0x0000000085511f98,0x000000008a700000)
 Metaspace       used 8111K, capacity 8246K, committed 8320K, reserved 1056768K
  class space    used 799K, capacity 849K, committed 896K, reserved 1048576K
}
Event: 1,853 GC heap before
{Heap before GC invocations=4 (full 0):
 PSYoungGen      total 36864K, used 36862K [0x00000000d7180000, 0x00000000db980000, 0x0000000100000000)
  eden space 31744K, 100% used [0x00000000d7180000,0x00000000d9080000,0x00000000d9080000)
  from space 5120K, 99% used [0x00000000d9080000,0x00000000d957fa98,0x00000000d9580000)
  to   space 5120K, 0% used [0x00000000db480000,0x00000000db480000,0x00000000db980000)
 ParOldGen       total 84992K, used 1095K [0x0000000085400000, 0x000000008a700000, 0x00000000d7180000)
  object space 84992K, 1% used [0x0000000085400000,0x0000000085511f98,0x000000008a700000)
 Metaspace       used 8922K, capacity 9033K, committed 9088K, reserved 1056768K
  class space    used 852K, capacity 881K, committed 896K, reserved 1048576K
Event: 1,860 GC heap after
Heap after GC invocations=4 (full 0):
 PSYoungGen      total 68608K, used 5088K [0x00000000d7180000, 0x00000000db980000, 0x0000000100000000)
  eden space 63488K, 0% used [0x00000000d7180000,0x00000000d7180000,0x00000000daf80000)
  from space 5120K, 99% used [0x00000000db480000,0x00000000db978010,0x00000000db980000)
  to   space 5120K, 0% used [0x00000000daf80000,0x00000000daf80000,0x00000000db480000)
 ParOldGen       total 84992K, used 1718K [0x0000000085400000, 0x000000008a700000, 0x00000000d7180000)
  object space 84992K, 2% used [0x0000000085400000,0x00000000855ad9f8,0x000000008a700000)
 Metaspace       used 8922K, capacity 9033K, committed 9088K, reserved 1056768K
  class space    used 852K, capacity 881K, committed 896K, reserved 1048576K
}
Event: 2,675 GC heap before
{Heap before GC invocations=5 (full 0):
 PSYoungGen      total 68608K, used 68576K [0x00000000d7180000, 0x00000000db980000, 0x0000000100000000)
  eden space 63488K, 100% used [0x00000000d7180000,0x00000000daf80000,0x00000000daf80000)
  from space 5120K, 99% used [0x00000000db480000,0x00000000db978010,0x00000000db980000)
  to   space 5120K, 0% used [0x00000000daf80000,0x00000000daf80000,0x00000000db480000)
 ParOldGen       total 84992K, used 1718K [0x0000000085400000, 0x000000008a700000, 0x00000000d7180000)
  object space 84992K, 2% used [0x0000000085400000,0x00000000855ad9f8,0x000000008a700000)
 Metaspace       used 13055K, capacity 13160K, committed 13312K, reserved 1060864K
  class space    used 1449K, capacity 1489K, committed 1536K, reserved 1048576K
Event: 2,695 GC heap after
Heap after GC invocations=5 (full 0):
 PSYoungGen      total 68608K, used 5115K [0x00000000d7180000, 0x00000000dfe80000, 0x0000000100000000)
  eden space 63488K, 0% used [0x00000000d7180000,0x00000000d7180000,0x00000000daf80000)
  from space 5120K, 99% used [0x00000000daf80000,0x00000000db47ede8,0x00000000db480000)
  to   space 8704K, 0% used [0x00000000df600000,0x00000000df600000,0x00000000dfe80000)
 ParOldGen       total 84992K, used 3554K [0x0000000085400000, 0x000000008a700000, 0x00000000d7180000)
  object space 84992K, 4% used [0x0000000085400000,0x0000000085778938,0x000000008a700000)
 Metaspace       used 13055K, capacity 13160K, committed 13312K, reserved 1060864K
  class space    used 1449K, capacity 1489K, committed 1536K, reserved 1048576K
}
Event: 4,023 GC heap before
{Heap before GC invocations=6 (full 0):
 PSYoungGen      total 68608K, used 68603K [0x00000000d7180000, 0x00000000dfe80000, 0x0000000100000000)
  eden space 63488K, 100% used [0x00000000d7180000,0x00000000daf80000,0x00000000daf80000)
  from space 5120K, 99% used [0x00000000daf80000,0x00000000db47ede8,0x00000000db480000)
  to   space 8704K, 0% used [0x00000000df600000,0x00000000df600000,0x00000000dfe80000)
 ParOldGen       total 84992K, used 3554K [0x0000000085400000, 0x000000008a700000, 0x00000000d7180000)
  object space 84992K, 4% used [0x0000000085400000,0x0000000085778938,0x000000008a700000)
 Metaspace       used 17837K, capacity 18060K, committed 18176K, reserved 1064960K
  class space    used 2153K, capacity 2233K, committed 2304K, reserved 1048576K
Event: 4,050 GC heap after
Heap after GC invocations=6 (full 0):
 PSYoungGen      total 134656K, used 7501K [0x00000000d7180000, 0x00000000e0080000, 0x0000000100000000)
  eden space 125952K, 0% used [0x00000000d7180000,0x00000000d7180000,0x00000000dec80000)
  from space 8704K, 86% used [0x00000000df600000,0x00000000dfd537f0,0x00000000dfe80000)
  to   space 9728K, 0% used [0x00000000dec80000,0x00000000dec80000,0x00000000df600000)
 ParOldGen       total 84992K, used 3562K [0x0000000085400000, 0x000000008a700000, 0x00000000d7180000)
  object space 84992K, 4% used [0x0000000085400000,0x000000008577a938,0x000000008a700000)
 Metaspace       used 17837K, capacity 18060K, committed 18176K, reserved 1064960K
  class space    used 2153K, capacity 2233K, committed 2304K, reserved 1048576K
}
Event: 6,229 GC heap before
{Heap before GC invocations=7 (full 0):
 PSYoungGen      total 134656K, used 93541K [0x00000000d7180000, 0x00000000e0080000, 0x0000000100000000)
  eden space 125952K, 68% used [0x00000000d7180000,0x00000000dc585e00,0x00000000dec80000)
  from space 8704K, 86% used [0x00000000df600000,0x00000000dfd537f0,0x00000000dfe80000)
  to   space 9728K, 0% used [0x00000000dec80000,0x00000000dec80000,0x00000000df600000)
 ParOldGen       total 84992K, used 3562K [0x0000000085400000, 0x000000008a700000, 0x00000000d7180000)
  object space 84992K, 4% used [0x0000000085400000,0x000000008577a938,0x000000008a700000)
 Metaspace       used 20969K, capacity 21146K, committed 21296K, reserved 1067008K
  class space    used 2789K, capacity 2878K, committed 2944K, reserved 1048576K

