# JRE version: OpenJDK Runtime Environment (8.0_222-b10) (build 1.8.0_222-8u222-b10-1ubuntu1~16.04.1-b10)
# Java VM: OpenJDK 64-Bit Server VM (25.222-b10 mixed mode linux-amd64 compressed oops)
Heap:
 PSYoungGen      total 389120K, used 70652K [0x00000000d6d00000, 0x00000000f3880000, 0x0000000100000000)
  eden space 318464K, 0% used [0x00000000d6d00000,0x00000000d6d00000,0x00000000ea400000)
  from space 70656K, 99% used [0x00000000ea400000,0x00000000ee8ff0d8,0x00000000ee900000)
  to   space 53248K, 0% used [0x00000000ee900000,0x00000000ee900000,0x00000000f1d00000)
 ParOldGen       total 221696K, used 160052K [0x0000000084600000, 0x0000000091e80000, 0x00000000d6d00000)
  object space 221696K, 72% used [0x0000000084600000,0x000000008e24d160,0x0000000091e80000)
 Metaspace       used 30306K, capacity 31752K, committed 32128K, reserved 1077248K
  class space    used 3461K, capacity 3863K, committed 3968K, reserved 1048576K
GC Heap History (10 events):
Event: 3,577 GC heap after
Heap after GC invocations=10 (full 1):
 PSYoungGen      total 259072K, used 9620K [0x00000000d6d00000, 0x00000000e8000000, 0x0000000100000000)
  eden space 245760K, 0% used [0x00000000d6d00000,0x00000000d6d00000,0x00000000e5d00000)
  from space 13312K, 72% used [0x00000000e5d00000,0x00000000e6665030,0x00000000e6a00000)
  to   space 13312K, 0% used [0x00000000e7300000,0x00000000e7300000,0x00000000e8000000)
 ParOldGen       total 68608K, used 17688K [0x0000000084600000, 0x0000000088900000, 0x00000000d6d00000)
  object space 68608K, 25% used [0x0000000084600000,0x0000000085746338,0x0000000088900000)
 Metaspace       used 26086K, capacity 27146K, committed 27392K, reserved 1073152K
  class space    used 2985K, capacity 3287K, committed 3328K, reserved 1048576K
}
Event: 4,588 GC heap before
{Heap before GC invocations=11 (full 1):
 PSYoungGen      total 259072K, used 255380K [0x00000000d6d00000, 0x00000000e8000000, 0x0000000100000000)
  eden space 245760K, 100% used [0x00000000d6d00000,0x00000000e5d00000,0x00000000e5d00000)
  from space 13312K, 72% used [0x00000000e5d00000,0x00000000e6665030,0x00000000e6a00000)
  to   space 13312K, 0% used [0x00000000e7300000,0x00000000e7300000,0x00000000e8000000)
 ParOldGen       total 68608K, used 17688K [0x0000000084600000, 0x0000000088900000, 0x00000000d6d00000)
  object space 68608K, 25% used [0x0000000084600000,0x0000000085746338,0x0000000088900000)
 Metaspace       used 28952K, capacity 30404K, committed 30720K, reserved 1077248K
  class space    used 3344K, capacity 3761K, committed 3840K, reserved 1048576K
Event: 4,598 GC heap after
Heap after GC invocations=11 (full 1):
 PSYoungGen      total 262656K, used 13280K [0x00000000d6d00000, 0x00000000ec880000, 0x0000000100000000)
  eden space 249344K, 0% used [0x00000000d6d00000,0x00000000d6d00000,0x00000000e6080000)
  from space 13312K, 99% used [0x00000000e7300000,0x00000000e7ff8010,0x00000000e8000000)
  to   space 18944K, 0% used [0x00000000e6080000,0x00000000e6080000,0x00000000e7300000)
 ParOldGen       total 68608K, used 28516K [0x0000000084600000, 0x0000000088900000, 0x00000000d6d00000)
  object space 68608K, 41% used [0x0000000084600000,0x00000000861d92a0,0x0000000088900000)
 Metaspace       used 28952K, capacity 30404K, committed 30720K, reserved 1077248K
  class space    used 3344K, capacity 3761K, committed 3840K, reserved 1048576K
}
Event: 5,848 GC heap before
{Heap before GC invocations=12 (full 1):
 PSYoungGen      total 262656K, used 262624K [0x00000000d6d00000, 0x00000000ec880000, 0x0000000100000000)
  eden space 249344K, 100% used [0x00000000d6d00000,0x00000000e6080000,0x00000000e6080000)
  from space 13312K, 99% used [0x00000000e7300000,0x00000000e7ff8010,0x00000000e8000000)
  to   space 18944K, 0% used [0x00000000e6080000,0x00000000e6080000,0x00000000e7300000)
 ParOldGen       total 68608K, used 28516K [0x0000000084600000, 0x0000000088900000, 0x00000000d6d00000)
  object space 68608K, 41% used [0x0000000084600000,0x00000000861d92a0,0x0000000088900000)
 Metaspace       used 29211K, capacity 30620K, committed 30976K, reserved 1077248K
  class space    used 3369K, capacity 3765K, committed 3840K, reserved 1048576K
Event: 5,901 GC heap after
Heap after GC invocations=12 (full 1):
 PSYoungGen      total 268288K, used 18930K [0x00000000d6d00000, 0x00000000f1d00000, 0x0000000100000000)
  eden space 249344K, 0% used [0x00000000d6d00000,0x00000000d6d00000,0x00000000e6080000)
  from space 18944K, 99% used [0x00000000e6080000,0x00000000e72fcbe0,0x00000000e7300000)
  to   space 53248K, 0% used [0x00000000ee900000,0x00000000ee900000,0x00000000f1d00000)
 ParOldGen       total 114688K, used 114447K [0x0000000084600000, 0x000000008b600000, 0x00000000d6d00000)
  object space 114688K, 99% used [0x0000000084600000,0x000000008b5c3da8,0x000000008b600000)
 Metaspace       used 29211K, capacity 30620K, committed 30976K, reserved 1077248K
  class space    used 3369K, capacity 3765K, committed 3840K, reserved 1048576K
}
Event: 5,901 GC heap before
{Heap before GC invocations=13 (full 2):
 PSYoungGen      total 268288K, used 18930K [0x00000000d6d00000, 0x00000000f1d00000, 0x0000000100000000)
  eden space 249344K, 0% used [0x00000000d6d00000,0x00000000d6d00000,0x00000000e6080000)
  from space 18944K, 99% used [0x00000000e6080000,0x00000000e72fcbe0,0x00000000e7300000)
  to   space 53248K, 0% used [0x00000000ee900000,0x00000000ee900000,0x00000000f1d00000)
 ParOldGen       total 114688K, used 114447K [0x0000000084600000, 0x000000008b600000, 0x00000000d6d00000)
  object space 114688K, 99% used [0x0000000084600000,0x000000008b5c3da8,0x000000008b600000)
 Metaspace       used 29211K, capacity 30620K, committed 30976K, reserved 1077248K
  class space    used 3369K, capacity 3765K, committed 3840K, reserved 1048576K
Event: 5,995 GC heap after
Heap after GC invocations=13 (full 2):
 PSYoungGen      total 268288K, used 498K [0x00000000d6d00000, 0x00000000f1d00000, 0x0000000100000000)
  eden space 249344K, 0% used [0x00000000d6d00000,0x00000000d6d00000,0x00000000e6080000)
  from space 18944K, 2% used [0x00000000e6080000,0x00000000e60fc838,0x00000000e7300000)
  to   space 53248K, 0% used [0x00000000ee900000,0x00000000ee900000,0x00000000f1d00000)
 ParOldGen       total 221696K, used 114292K [0x0000000084600000, 0x0000000091e80000, 0x00000000d6d00000)
  object space 221696K, 51% used [0x0000000084600000,0x000000008b59d0a0,0x0000000091e80000)
 Metaspace       used 29211K, capacity 30620K, committed 30976K, reserved 1077248K
  class space    used 3369K, capacity 3765K, committed 3840K, reserved 1048576K
}
Event: 7,400 GC heap before
{Heap before GC invocations=14 (full 2):
 PSYoungGen      total 268288K, used 249842K [0x00000000d6d00000, 0x00000000f1d00000, 0x0000000100000000)
  eden space 249344K, 100% used [0x00000000d6d00000,0x00000000e6080000,0x00000000e6080000)
  from space 18944K, 2% used [0x00000000e6080000,0x00000000e60fc838,0x00000000e7300000)
  to   space 53248K, 0% used [0x00000000ee900000,0x00000000ee900000,0x00000000f1d00000)
 ParOldGen       total 221696K, used 114292K [0x0000000084600000, 0x0000000091e80000, 0x00000000d6d00000)
  object space 221696K, 51% used [0x0000000084600000,0x000000008b59d0a0,0x0000000091e80000)
 Metaspace       used 30169K, capacity 31624K, committed 31872K, reserved 1077248K
  class space    used 3461K, capacity 3863K, committed 3968K, reserved 1048576K
Event: 7,450 GC heap after
Heap after GC invocations=14 (full 2):
 PSYoungGen      total 371712K, used 53224K [0x00000000d6d00000, 0x00000000f3880000, 0x0000000100000000)
  eden space 318464K, 0% used [0x00000000d6d00000,0x00000000d6d00000,0x00000000ea400000)
  from space 53248K, 99% used [0x00000000ee900000,0x00000000f1cfa088,0x00000000f1d00000)
  to   space 70656K, 0% used [0x00000000ea400000,0x00000000ea400000,0x00000000ee900000)
 ParOldGen       total 221696K, used 136740K [0x0000000084600000, 0x0000000091e80000, 0x00000000d6d00000)
  object space 221696K, 61% used [0x0000000084600000,0x000000008cb89348,0x0000000091e80000)
 Metaspace       used 30169K, capacity 31624K, committed 31872K, reserved 1077248K
  class space    used 3461K, capacity 3863K, committed 3968K, reserved 1048576K
}
Event: 7,821 GC heap before
{Heap before GC invocations=15 (full 2):
 PSYoungGen      total 371712K, used 371688K [0x00000000d6d00000, 0x00000000f3880000, 0x0000000100000000)
  eden space 318464K, 100% used [0x00000000d6d00000,0x00000000ea400000,0x00000000ea400000)
  from space 53248K, 99% used [0x00000000ee900000,0x00000000f1cfa088,0x00000000f1d00000)
  to   space 70656K, 0% used [0x00000000ea400000,0x00000000ea400000,0x00000000ee900000)
 ParOldGen       total 221696K, used 136740K [0x0000000084600000, 0x0000000091e80000, 0x00000000d6d00000)
  object space 221696K, 61% used [0x0000000084600000,0x000000008cb89348,0x0000000091e80000)
 Metaspace       used 30306K, capacity 31752K, committed 32128K, reserved 1077248K
  class space    used 3461K, capacity 3863K, committed 3968K, reserved 1048576K

