# JRE version: OpenJDK Runtime Environment (8.0_222-b10) (build 1.8.0_222-8u222-b10-1ubuntu1~16.04.1-b10)
# Java VM: OpenJDK 64-Bit Server VM (25.222-b10 mixed mode linux-amd64 compressed oops)
Heap:
 PSYoungGen      total 577536K, used 4009K [0x00000000d6700000, 0x00000000fb080000, 0x0000000100000000)
  eden space 555520K, 0% used [0x00000000d6700000,0x00000000d6700000,0x00000000f8580000)
  from space 22016K, 18% used [0x00000000f8580000,0x00000000f896a740,0x00000000f9b00000)
  to   space 14336K, 0% used [0x00000000fa280000,0x00000000fa280000,0x00000000fb080000)
 ParOldGen       total 92672K, used 35904K [0x0000000083400000, 0x0000000088e80000, 0x00000000d6700000)
  object space 92672K, 38% used [0x0000000083400000,0x0000000085710140,0x0000000088e80000)
 Metaspace       used 34005K, capacity 35364K, committed 35456K, reserved 1081344K
  class space    used 4061K, capacity 4475K, committed 4480K, reserved 1048576K
GC Heap History (10 events):
Event: 11,471 GC heap after
Heap after GC invocations=14 (full 1):
 PSYoungGen      total 289792K, used 9728K [0x00000000d6700000, 0x00000000f0f00000, 0x0000000100000000)
  eden space 280064K, 0% used [0x00000000d6700000,0x00000000d6700000,0x00000000e7880000)
  from space 9728K, 100% used [0x00000000e7880000,0x00000000e8200000,0x00000000e8200000)
  to   space 14336K, 0% used [0x00000000f0100000,0x00000000f0100000,0x00000000f0f00000)
 ParOldGen       total 48640K, used 31070K [0x0000000083400000, 0x0000000086380000, 0x00000000d6700000)
  object space 48640K, 63% used [0x0000000083400000,0x00000000852578e8,0x0000000086380000)
 Metaspace       used 33144K, capacity 34300K, committed 34560K, reserved 1079296K
  class space    used 3939K, capacity 4304K, committed 4352K, reserved 1048576K
}
Event: 12,204 GC heap before
{Heap before GC invocations=15 (full 1):
 PSYoungGen      total 289792K, used 289792K [0x00000000d6700000, 0x00000000f0f00000, 0x0000000100000000)
  eden space 280064K, 100% used [0x00000000d6700000,0x00000000e7880000,0x00000000e7880000)
  from space 9728K, 100% used [0x00000000e7880000,0x00000000e8200000,0x00000000e8200000)
  to   space 14336K, 0% used [0x00000000f0100000,0x00000000f0100000,0x00000000f0f00000)
 ParOldGen       total 48640K, used 31070K [0x0000000083400000, 0x0000000086380000, 0x00000000d6700000)
  object space 48640K, 63% used [0x0000000083400000,0x00000000852578e8,0x0000000086380000)
 Metaspace       used 33275K, capacity 34444K, committed 34560K, reserved 1079296K
  class space    used 3954K, capacity 4304K, committed 4352K, reserved 1048576K
Event: 12,246 GC heap after
Heap after GC invocations=15 (full 1):
 PSYoungGen      total 410112K, used 14336K [0x00000000d6700000, 0x00000000f2d00000, 0x0000000100000000)
  eden space 395776K, 0% used [0x00000000d6700000,0x00000000d6700000,0x00000000ee980000)
  from space 14336K, 100% used [0x00000000f0100000,0x00000000f0f00000,0x00000000f0f00000)
  to   space 24064K, 0% used [0x00000000ee980000,0x00000000ee980000,0x00000000f0100000)
 ParOldGen       total 53248K, used 51308K [0x0000000083400000, 0x0000000086800000, 0x00000000d6700000)
  object space 53248K, 96% used [0x0000000083400000,0x000000008661b038,0x0000000086800000)
 Metaspace       used 33275K, capacity 34444K, committed 34560K, reserved 1079296K
  class space    used 3954K, capacity 4304K, committed 4352K, reserved 1048576K
}
Event: 12,246 GC heap before
{Heap before GC invocations=16 (full 2):
 PSYoungGen      total 410112K, used 14336K [0x00000000d6700000, 0x00000000f2d00000, 0x0000000100000000)
  eden space 395776K, 0% used [0x00000000d6700000,0x00000000d6700000,0x00000000ee980000)
  from space 14336K, 100% used [0x00000000f0100000,0x00000000f0f00000,0x00000000f0f00000)
  to   space 24064K, 0% used [0x00000000ee980000,0x00000000ee980000,0x00000000f0100000)
 ParOldGen       total 53248K, used 51308K [0x0000000083400000, 0x0000000086800000, 0x00000000d6700000)
  object space 53248K, 96% used [0x0000000083400000,0x000000008661b038,0x0000000086800000)
 Metaspace       used 33275K, capacity 34444K, committed 34560K, reserved 1079296K
  class space    used 3954K, capacity 4304K, committed 4352K, reserved 1048576K
Event: 12,326 GC heap after
Heap after GC invocations=16 (full 2):
 PSYoungGen      total 410112K, used 0K [0x00000000d6700000, 0x00000000f2d00000, 0x0000000100000000)
  eden space 395776K, 0% used [0x00000000d6700000,0x00000000d6700000,0x00000000ee980000)
  from space 14336K, 0% used [0x00000000f0100000,0x00000000f0100000,0x00000000f0f00000)
  to   space 24064K, 0% used [0x00000000ee980000,0x00000000ee980000,0x00000000f0100000)
 ParOldGen       total 92672K, used 27203K [0x0000000083400000, 0x0000000088e80000, 0x00000000d6700000)
  object space 92672K, 29% used [0x0000000083400000,0x0000000084e90d08,0x0000000088e80000)
 Metaspace       used 33275K, capacity 34444K, committed 34560K, reserved 1079296K
  class space    used 3954K, capacity 4304K, committed 4352K, reserved 1048576K
}
Event: 13,823 GC heap before
{Heap before GC invocations=17 (full 2):
 PSYoungGen      total 410112K, used 395776K [0x00000000d6700000, 0x00000000f2d00000, 0x0000000100000000)
  eden space 395776K, 100% used [0x00000000d6700000,0x00000000ee980000,0x00000000ee980000)
  from space 14336K, 0% used [0x00000000f0100000,0x00000000f0100000,0x00000000f0f00000)
  to   space 24064K, 0% used [0x00000000ee980000,0x00000000ee980000,0x00000000f0100000)
 ParOldGen       total 92672K, used 27203K [0x0000000083400000, 0x0000000088e80000, 0x00000000d6700000)
  object space 92672K, 29% used [0x0000000083400000,0x0000000084e90d08,0x0000000088e80000)
 Metaspace       used 33617K, capacity 34908K, committed 35200K, reserved 1079296K
  class space    used 4004K, capacity 4411K, committed 4480K, reserved 1048576K
Event: 13,834 GC heap after
Heap after GC invocations=17 (full 2):
 PSYoungGen      total 419840K, used 7142K [0x00000000d6700000, 0x00000000fb880000, 0x0000000100000000)
  eden space 395776K, 0% used [0x00000000d6700000,0x00000000d6700000,0x00000000ee980000)
  from space 24064K, 29% used [0x00000000ee980000,0x00000000ef079940,0x00000000f0100000)
  to   space 22528K, 0% used [0x00000000fa280000,0x00000000fa280000,0x00000000fb880000)
 ParOldGen       total 92672K, used 27203K [0x0000000083400000, 0x0000000088e80000, 0x00000000d6700000)
  object space 92672K, 29% used [0x0000000083400000,0x0000000084e90d08,0x0000000088e80000)
 Metaspace       used 33617K, capacity 34908K, committed 35200K, reserved 1079296K
  class space    used 4004K, capacity 4411K, committed 4480K, reserved 1048576K
}
Event: 14,826 GC heap before
{Heap before GC invocations=18 (full 2):
 PSYoungGen      total 419840K, used 402918K [0x00000000d6700000, 0x00000000fb880000, 0x0000000100000000)
  eden space 395776K, 100% used [0x00000000d6700000,0x00000000ee980000,0x00000000ee980000)
  from space 24064K, 29% used [0x00000000ee980000,0x00000000ef079940,0x00000000f0100000)
  to   space 22528K, 0% used [0x00000000fa280000,0x00000000fa280000,0x00000000fb880000)
 ParOldGen       total 92672K, used 27203K [0x0000000083400000, 0x0000000088e80000, 0x00000000d6700000)
  object space 92672K, 29% used [0x0000000083400000,0x0000000084e90d08,0x0000000088e80000)
 Metaspace       used 33711K, capacity 35004K, committed 35200K, reserved 1079296K
  class space    used 4026K, capacity 4443K, committed 4480K, reserved 1048576K
Event: 14,837 GC heap after
Heap after GC invocations=18 (full 2):
 PSYoungGen      total 569856K, used 3488K [0x00000000d6700000, 0x00000000fb080000, 0x0000000100000000)
  eden space 555520K, 0% used [0x00000000d6700000,0x00000000d6700000,0x00000000f8580000)
  from space 14336K, 24% used [0x00000000fa280000,0x00000000fa5e8010,0x00000000fb080000)
  to   space 22016K, 0% used [0x00000000f8580000,0x00000000f8580000,0x00000000f9b00000)
 ParOldGen       total 92672K, used 33241K [0x0000000083400000, 0x0000000088e80000, 0x00000000d6700000)
  object space 92672K, 35% used [0x0000000083400000,0x0000000085476440,0x0000000088e80000)
 Metaspace       used 33711K, capacity 35004K, committed 35200K, reserved 1079296K
  class space    used 4026K, capacity 4443K, committed 4480K, reserved 1048576K
}
Event: 18,611 GC heap before
{Heap before GC invocations=19 (full 2):
 PSYoungGen      total 569856K, used 559008K [0x00000000d6700000, 0x00000000fb080000, 0x0000000100000000)
  eden space 555520K, 100% used [0x00000000d6700000,0x00000000f8580000,0x00000000f8580000)
  from space 14336K, 24% used [0x00000000fa280000,0x00000000fa5e8010,0x00000000fb080000)
  to   space 22016K, 0% used [0x00000000f8580000,0x00000000f8580000,0x00000000f9b00000)
 ParOldGen       total 92672K, used 33241K [0x0000000083400000, 0x0000000088e80000, 0x00000000d6700000)
  object space 92672K, 35% used [0x0000000083400000,0x0000000085476440,0x0000000088e80000)
 Metaspace       used 34005K, capacity 35364K, committed 35456K, reserved 1081344K
  class space    used 4061K, capacity 4475K, committed 4480K, reserved 1048576K

