# JRE version: OpenJDK Runtime Environment (8.0_242-b08) (build 1.8.0_242-8u242-b08-0ubuntu3~16.04-b08)
# Java VM: OpenJDK 64-Bit Server VM (25.242-b08 mixed mode linux-amd64 compressed oops)
Heap:
 PSYoungGen      total 134656K, used 6066K [0x00000000d7180000, 0x00000000dfd80000, 0x0000000100000000)
  eden space 126464K, 0% used [0x00000000d7180000,0x00000000d7180000,0x00000000ded00000)
  from space 8192K, 74% used [0x00000000ded00000,0x00000000df2ec820,0x00000000df500000)
  to   space 7680K, 0% used [0x00000000df500000,0x00000000df500000,0x00000000dfc80000)
 ParOldGen       total 84992K, used 2371K [0x0000000085400000, 0x000000008a700000, 0x00000000d7180000)
  object space 84992K, 2% used [0x0000000085400000,0x0000000085650e50,0x000000008a700000)
 Metaspace       used 20980K, capacity 21144K, committed 21296K, reserved 1067008K
  class space    used 2787K, capacity 2878K, committed 2944K, reserved 1048576K
GC Heap History (10 events):
Event: 1,638 GC heap after
Heap after GC invocations=2 (full 0):
 PSYoungGen      total 36864K, used 3434K [0x00000000d7180000, 0x00000000db980000, 0x0000000100000000)
  eden space 31744K, 0% used [0x00000000d7180000,0x00000000d7180000,0x00000000d9080000)
  from space 5120K, 67% used [0x00000000d9580000,0x00000000d98dab48,0x00000000d9a80000)
  to   space 5120K, 0% used [0x00000000d9080000,0x00000000d9080000,0x00000000d9580000)
 ParOldGen       total 84992K, used 8K [0x0000000085400000, 0x000000008a700000, 0x00000000d7180000)
  object space 84992K, 0% used [0x0000000085400000,0x0000000085402000,0x000000008a700000)
 Metaspace       used 7196K, capacity 7302K, committed 7424K, reserved 1056768K
  class space    used 725K, capacity 753K, committed 768K, reserved 1048576K
}
Event: 1,841 GC heap before
{Heap before GC invocations=3 (full 0):
 PSYoungGen      total 36864K, used 35178K [0x00000000d7180000, 0x00000000db980000, 0x0000000100000000)
  eden space 31744K, 100% used [0x00000000d7180000,0x00000000d9080000,0x00000000d9080000)
  from space 5120K, 67% used [0x00000000d9580000,0x00000000d98dab48,0x00000000d9a80000)
  to   space 5120K, 0% used [0x00000000d9080000,0x00000000d9080000,0x00000000d9580000)
 ParOldGen       total 84992K, used 8K [0x0000000085400000, 0x000000008a700000, 0x00000000d7180000)
  object space 84992K, 0% used [0x0000000085400000,0x0000000085402000,0x000000008a700000)
 Metaspace       used 8111K, capacity 8246K, committed 8320K, reserved 1056768K
  class space    used 799K, capacity 849K, committed 896K, reserved 1048576K
Event: 1,848 GC heap after
Heap after GC invocations=3 (full 0):
 PSYoungGen      total 36864K, used 5109K [0x00000000d7180000, 0x00000000db980000, 0x0000000100000000)
  eden space 31744K, 0% used [0x00000000d7180000,0x00000000d7180000,0x00000000d9080000)
  from space 5120K, 99% used [0x00000000d9080000,0x00000000d957d678,0x00000000d9580000)
  to   space 5120K, 0% used [0x00000000db480000,0x00000000db480000,0x00000000db980000)
 ParOldGen       total 84992K, used 1087K [0x0000000085400000, 0x000000008a700000, 0x00000000d7180000)
  object space 84992K, 1% used [0x0000000085400000,0x000000008550ffb0,0x000000008a700000)
 Metaspace       used 8111K, capacity 8246K, committed 8320K, reserved 1056768K
  class space    used 799K, capacity 849K, committed 896K, reserved 1048576K
}
Event: 2,062 GC heap before
{Heap before GC invocations=4 (full 0):
 PSYoungGen      total 36864K, used 36853K [0x00000000d7180000, 0x00000000db980000, 0x0000000100000000)
  eden space 31744K, 100% used [0x00000000d7180000,0x00000000d9080000,0x00000000d9080000)
  from space 5120K, 99% used [0x00000000d9080000,0x00000000d957d678,0x00000000d9580000)
  to   space 5120K, 0% used [0x00000000db480000,0x00000000db480000,0x00000000db980000)
 ParOldGen       total 84992K, used 1087K [0x0000000085400000, 0x000000008a700000, 0x00000000d7180000)
  object space 84992K, 1% used [0x0000000085400000,0x000000008550ffb0,0x000000008a700000)
 Metaspace       used 8925K, capacity 9032K, committed 9088K, reserved 1056768K
  class space    used 851K, capacity 881K, committed 896K, reserved 1048576K
Event: 2,069 GC heap after
Heap after GC invocations=4 (full 0):
 PSYoungGen      total 68608K, used 2423K [0x00000000d7180000, 0x00000000db980000, 0x0000000100000000)
  eden space 63488K, 0% used [0x00000000d7180000,0x00000000d7180000,0x00000000daf80000)
  from space 5120K, 47% used [0x00000000db480000,0x00000000db6ddd78,0x00000000db980000)
  to   space 5120K, 0% used [0x00000000daf80000,0x00000000daf80000,0x00000000db480000)
 ParOldGen       total 84992K, used 1095K [0x0000000085400000, 0x000000008a700000, 0x00000000d7180000)
  object space 84992K, 1% used [0x0000000085400000,0x0000000085511fb0,0x000000008a700000)
 Metaspace       used 8925K, capacity 9032K, committed 9088K, reserved 1056768K
  class space    used 851K, capacity 881K, committed 896K, reserved 1048576K
}
Event: 3,271 GC heap before
{Heap before GC invocations=5 (full 0):
 PSYoungGen      total 68608K, used 65911K [0x00000000d7180000, 0x00000000db980000, 0x0000000100000000)
  eden space 63488K, 100% used [0x00000000d7180000,0x00000000daf80000,0x00000000daf80000)
  from space 5120K, 47% used [0x00000000db480000,0x00000000db6ddd78,0x00000000db980000)
  to   space 5120K, 0% used [0x00000000daf80000,0x00000000daf80000,0x00000000db480000)
 ParOldGen       total 84992K, used 1095K [0x0000000085400000, 0x000000008a700000, 0x00000000d7180000)
  object space 84992K, 1% used [0x0000000085400000,0x0000000085511fb0,0x000000008a700000)
 Metaspace       used 12786K, capacity 12870K, committed 13056K, reserved 1060864K
  class space    used 1437K, capacity 1457K, committed 1536K, reserved 1048576K
Event: 3,291 GC heap after
Heap after GC invocations=5 (full 0):
 PSYoungGen      total 68608K, used 5098K [0x00000000d7180000, 0x00000000dfc80000, 0x0000000100000000)
  eden space 63488K, 0% used [0x00000000d7180000,0x00000000d7180000,0x00000000daf80000)
  from space 5120K, 99% used [0x00000000daf80000,0x00000000db47aa60,0x00000000db480000)
  to   space 7680K, 0% used [0x00000000df500000,0x00000000df500000,0x00000000dfc80000)
 ParOldGen       total 84992K, used 1502K [0x0000000085400000, 0x000000008a700000, 0x00000000d7180000)
  object space 84992K, 1% used [0x0000000085400000,0x0000000085577920,0x000000008a700000)
 Metaspace       used 12786K, capacity 12870K, committed 13056K, reserved 1060864K
  class space    used 1437K, capacity 1457K, committed 1536K, reserved 1048576K
}
Event: 6,230 GC heap before
{Heap before GC invocations=6 (full 0):
 PSYoungGen      total 68608K, used 68586K [0x00000000d7180000, 0x00000000dfc80000, 0x0000000100000000)
  eden space 63488K, 100% used [0x00000000d7180000,0x00000000daf80000,0x00000000daf80000)
  from space 5120K, 99% used [0x00000000daf80000,0x00000000db47aa60,0x00000000db480000)
  to   space 7680K, 0% used [0x00000000df500000,0x00000000df500000,0x00000000dfc80000)
 ParOldGen       total 84992K, used 1502K [0x0000000085400000, 0x000000008a700000, 0x00000000d7180000)
  object space 84992K, 1% used [0x0000000085400000,0x0000000085577920,0x000000008a700000)
 Metaspace       used 17832K, capacity 18058K, committed 18176K, reserved 1064960K
  class space    used 2151K, capacity 2233K, committed 2304K, reserved 1048576K
Event: 6,282 GC heap after
Heap after GC invocations=6 (full 0):
 PSYoungGen      total 134144K, used 6495K [0x00000000d7180000, 0x00000000dfd80000, 0x0000000100000000)
  eden space 126464K, 0% used [0x00000000d7180000,0x00000000d7180000,0x00000000ded00000)
  from space 7680K, 84% used [0x00000000df500000,0x00000000dfb57f40,0x00000000dfc80000)
  to   space 8192K, 0% used [0x00000000ded00000,0x00000000ded00000,0x00000000df500000)
 ParOldGen       total 84992K, used 1510K [0x0000000085400000, 0x000000008a700000, 0x00000000d7180000)
  object space 84992K, 1% used [0x0000000085400000,0x0000000085579920,0x000000008a700000)
 Metaspace       used 17832K, capacity 18058K, committed 18176K, reserved 1064960K
  class space    used 2151K, capacity 2233K, committed 2304K, reserved 1048576K
}
Event: 20,783 GC heap before
{Heap before GC invocations=7 (full 0):
 PSYoungGen      total 134144K, used 93965K [0x00000000d7180000, 0x00000000dfd80000, 0x0000000100000000)
  eden space 126464K, 69% used [0x00000000d7180000,0x00000000dc6eb630,0x00000000ded00000)
  from space 7680K, 84% used [0x00000000df500000,0x00000000dfb57f40,0x00000000dfc80000)
  to   space 8192K, 0% used [0x00000000ded00000,0x00000000ded00000,0x00000000df500000)
 ParOldGen       total 84992K, used 1510K [0x0000000085400000, 0x000000008a700000, 0x00000000d7180000)
  object space 84992K, 1% used [0x0000000085400000,0x0000000085579920,0x000000008a700000)
 Metaspace       used 20980K, capacity 21144K, committed 21296K, reserved 1067008K
  class space    used 2787K, capacity 2878K, committed 2944K, reserved 1048576K

