# JRE version: OpenJDK Runtime Environment (8.0_222-b10) (build 1.8.0_222-8u222-b10-1ubuntu1~16.04.1-b10)
# Java VM: OpenJDK 64-Bit Server VM (25.222-b10 mixed mode linux-amd64 compressed oops)
Heap:
 PSYoungGen      total 416768K, used 73725K [0x00000000d6d00000, 0x00000000f5900000, 0x0000000100000000)
  eden space 343040K, 0% used [0x00000000d6d00000,0x00000000d6d00000,0x00000000ebc00000)
  from space 73728K, 99% used [0x00000000ebc00000,0x00000000f03ff568,0x00000000f0400000)
  to   space 55296K, 0% used [0x00000000f0400000,0x00000000f0400000,0x00000000f3a00000)
 ParOldGen       total 227328K, used 169496K [0x0000000084600000, 0x0000000092400000, 0x00000000d6d00000)
  object space 227328K, 74% used [0x0000000084600000,0x000000008eb86050,0x0000000092400000)
 Metaspace       used 30317K, capacity 31752K, committed 32128K, reserved 1077248K
  class space    used 3461K, capacity 3863K, committed 3968K, reserved 1048576K
GC Heap History (10 events):
Event: 3,318 GC heap after
Heap after GC invocations=10 (full 1):
 PSYoungGen      total 259584K, used 9558K [0x00000000d6d00000, 0x00000000e8f80000, 0x0000000100000000)
  eden space 246272K, 0% used [0x00000000d6d00000,0x00000000d6d00000,0x00000000e5d80000)
  from space 13312K, 71% used [0x00000000e5d80000,0x00000000e66d5b48,0x00000000e6a80000)
  to   space 13312K, 0% used [0x00000000e8280000,0x00000000e8280000,0x00000000e8f80000)
 ParOldGen       total 67584K, used 17691K [0x0000000084600000, 0x0000000088800000, 0x00000000d6d00000)
  object space 67584K, 26% used [0x0000000084600000,0x0000000085746d90,0x0000000088800000)
 Metaspace       used 26114K, capacity 27274K, committed 27392K, reserved 1073152K
  class space    used 2985K, capacity 3287K, committed 3328K, reserved 1048576K
}
Event: 4,209 GC heap before
{Heap before GC invocations=11 (full 1):
 PSYoungGen      total 259584K, used 255830K [0x00000000d6d00000, 0x00000000e8f80000, 0x0000000100000000)
  eden space 246272K, 100% used [0x00000000d6d00000,0x00000000e5d80000,0x00000000e5d80000)
  from space 13312K, 71% used [0x00000000e5d80000,0x00000000e66d5b48,0x00000000e6a80000)
  to   space 13312K, 0% used [0x00000000e8280000,0x00000000e8280000,0x00000000e8f80000)
 ParOldGen       total 67584K, used 17691K [0x0000000084600000, 0x0000000088800000, 0x00000000d6d00000)
  object space 67584K, 26% used [0x0000000084600000,0x0000000085746d90,0x0000000088800000)
 Metaspace       used 28956K, capacity 30404K, committed 30720K, reserved 1077248K
  class space    used 3344K, capacity 3761K, committed 3840K, reserved 1048576K
Event: 4,221 GC heap after
Heap after GC invocations=11 (full 1):
 PSYoungGen      total 278528K, used 13296K [0x00000000d6d00000, 0x00000000ed380000, 0x0000000100000000)
  eden space 265216K, 0% used [0x00000000d6d00000,0x00000000d6d00000,0x00000000e7000000)
  from space 13312K, 99% used [0x00000000e8280000,0x00000000e8f7c020,0x00000000e8f80000)
  to   space 18944K, 0% used [0x00000000e7000000,0x00000000e7000000,0x00000000e8280000)
 ParOldGen       total 67584K, used 29238K [0x0000000084600000, 0x0000000088800000, 0x00000000d6d00000)
  object space 67584K, 43% used [0x0000000084600000,0x000000008628d860,0x0000000088800000)
 Metaspace       used 28956K, capacity 30404K, committed 30720K, reserved 1077248K
  class space    used 3344K, capacity 3761K, committed 3840K, reserved 1048576K
}
Event: 5,562 GC heap before
{Heap before GC invocations=12 (full 1):
 PSYoungGen      total 278528K, used 278512K [0x00000000d6d00000, 0x00000000ed380000, 0x0000000100000000)
  eden space 265216K, 100% used [0x00000000d6d00000,0x00000000e7000000,0x00000000e7000000)
  from space 13312K, 99% used [0x00000000e8280000,0x00000000e8f7c020,0x00000000e8f80000)
  to   space 18944K, 0% used [0x00000000e7000000,0x00000000e7000000,0x00000000e8280000)
 ParOldGen       total 67584K, used 29238K [0x0000000084600000, 0x0000000088800000, 0x00000000d6d00000)
  object space 67584K, 43% used [0x0000000084600000,0x000000008628d860,0x0000000088800000)
 Metaspace       used 29233K, capacity 30684K, committed 30976K, reserved 1077248K
  class space    used 3371K, capacity 3765K, committed 3840K, reserved 1048576K
Event: 5,605 GC heap after
Heap after GC invocations=12 (full 1):
 PSYoungGen      total 284160K, used 18914K [0x00000000d6d00000, 0x00000000f3a00000, 0x0000000100000000)
  eden space 265216K, 0% used [0x00000000d6d00000,0x00000000d6d00000,0x00000000e7000000)
  from space 18944K, 99% used [0x00000000e7000000,0x00000000e8278be0,0x00000000e8280000)
  to   space 55296K, 0% used [0x00000000f0400000,0x00000000f0400000,0x00000000f3a00000)
 ParOldGen       total 120832K, used 120504K [0x0000000084600000, 0x000000008bc00000, 0x00000000d6d00000)
  object space 120832K, 99% used [0x0000000084600000,0x000000008bbae018,0x000000008bc00000)
 Metaspace       used 29233K, capacity 30684K, committed 30976K, reserved 1077248K
  class space    used 3371K, capacity 3765K, committed 3840K, reserved 1048576K
}
Event: 5,605 GC heap before
{Heap before GC invocations=13 (full 2):
 PSYoungGen      total 284160K, used 18914K [0x00000000d6d00000, 0x00000000f3a00000, 0x0000000100000000)
  eden space 265216K, 0% used [0x00000000d6d00000,0x00000000d6d00000,0x00000000e7000000)
  from space 18944K, 99% used [0x00000000e7000000,0x00000000e8278be0,0x00000000e8280000)
  to   space 55296K, 0% used [0x00000000f0400000,0x00000000f0400000,0x00000000f3a00000)
 ParOldGen       total 120832K, used 120504K [0x0000000084600000, 0x000000008bc00000, 0x00000000d6d00000)
  object space 120832K, 99% used [0x0000000084600000,0x000000008bbae018,0x000000008bc00000)
 Metaspace       used 29233K, capacity 30684K, committed 30976K, reserved 1077248K
  class space    used 3371K, capacity 3765K, committed 3840K, reserved 1048576K
Event: 5,687 GC heap after
Heap after GC invocations=13 (full 2):
 PSYoungGen      total 284160K, used 0K [0x00000000d6d00000, 0x00000000f3a00000, 0x0000000100000000)
  eden space 265216K, 0% used [0x00000000d6d00000,0x00000000d6d00000,0x00000000e7000000)
  from space 18944K, 0% used [0x00000000e7000000,0x00000000e7000000,0x00000000e8280000)
  to   space 55296K, 0% used [0x00000000f0400000,0x00000000f0400000,0x00000000f3a00000)
 ParOldGen       total 227328K, used 120596K [0x0000000084600000, 0x0000000092400000, 0x00000000d6d00000)
  object space 227328K, 53% used [0x0000000084600000,0x000000008bbc5090,0x0000000092400000)
 Metaspace       used 29233K, capacity 30684K, committed 30976K, reserved 1077248K
  class space    used 3371K, capacity 3765K, committed 3840K, reserved 1048576K
}
Event: 6,990 GC heap before
{Heap before GC invocations=14 (full 2):
 PSYoungGen      total 284160K, used 265216K [0x00000000d6d00000, 0x00000000f3a00000, 0x0000000100000000)
  eden space 265216K, 100% used [0x00000000d6d00000,0x00000000e7000000,0x00000000e7000000)
  from space 18944K, 0% used [0x00000000e7000000,0x00000000e7000000,0x00000000e8280000)
  to   space 55296K, 0% used [0x00000000f0400000,0x00000000f0400000,0x00000000f3a00000)
 ParOldGen       total 227328K, used 120596K [0x0000000084600000, 0x0000000092400000, 0x00000000d6d00000)
  object space 227328K, 53% used [0x0000000084600000,0x000000008bbc5090,0x0000000092400000)
 Metaspace       used 30190K, capacity 31624K, committed 31872K, reserved 1077248K
  class space    used 3461K, capacity 3863K, committed 3968K, reserved 1048576K
Event: 7,043 GC heap after
Heap after GC invocations=14 (full 2):
 PSYoungGen      total 398336K, used 55275K [0x00000000d6d00000, 0x00000000f5900000, 0x0000000100000000)
  eden space 343040K, 0% used [0x00000000d6d00000,0x00000000d6d00000,0x00000000ebc00000)
  from space 55296K, 99% used [0x00000000f0400000,0x00000000f39fafc8,0x00000000f3a00000)
  to   space 73728K, 0% used [0x00000000ebc00000,0x00000000ebc00000,0x00000000f0400000)
 ParOldGen       total 227328K, used 143313K [0x0000000084600000, 0x0000000092400000, 0x00000000d6d00000)
  object space 227328K, 63% used [0x0000000084600000,0x000000008d1f4638,0x0000000092400000)
 Metaspace       used 30190K, capacity 31624K, committed 31872K, reserved 1077248K
  class space    used 3461K, capacity 3863K, committed 3968K, reserved 1048576K
}
Event: 7,430 GC heap before
{Heap before GC invocations=15 (full 2):
 PSYoungGen      total 398336K, used 398315K [0x00000000d6d00000, 0x00000000f5900000, 0x0000000100000000)
  eden space 343040K, 100% used [0x00000000d6d00000,0x00000000ebc00000,0x00000000ebc00000)
  from space 55296K, 99% used [0x00000000f0400000,0x00000000f39fafc8,0x00000000f3a00000)
  to   space 73728K, 0% used [0x00000000ebc00000,0x00000000ebc00000,0x00000000f0400000)
 ParOldGen       total 227328K, used 143313K [0x0000000084600000, 0x0000000092400000, 0x00000000d6d00000)
  object space 227328K, 63% used [0x0000000084600000,0x000000008d1f4638,0x0000000092400000)
 Metaspace       used 30317K, capacity 31752K, committed 32128K, reserved 1077248K
  class space    used 3461K, capacity 3863K, committed 3968K, reserved 1048576K

