# JRE version: OpenJDK Runtime Environment (8.0_242-b08) (build 1.8.0_242-8u242-b08-0ubuntu3~16.04-b08)
# Java VM: OpenJDK 64-Bit Server VM (25.242-b08 mixed mode linux-amd64 compressed oops)
Heap:
 PSYoungGen      total 498176K, used 0K [0x00000000d6f80000, 0x0000000100000000, 0x0000000100000000)
  eden space 386560K, 0% used [0x00000000d6f80000,0x00000000d6f80000,0x00000000ee900000)
  from space 111616K, 0% used [0x00000000ee900000,0x00000000ee900000,0x00000000f5600000)
  to   space 147456K, 0% used [0x00000000f7000000,0x00000000f7000000,0x0000000100000000)
 ParOldGen       total 307200K, used 227228K [0x0000000084e00000, 0x0000000097a00000, 0x00000000d6f80000)
  object space 307200K, 73% used [0x0000000084e00000,0x0000000092be7120,0x0000000097a00000)
 Metaspace       used 40373K, capacity 41664K, committed 41896K, reserved 1085440K
  class space    used 4613K, capacity 5023K, committed 5040K, reserved 1048576K
GC Heap History (10 events):
Event: 15,128 GC heap after
Heap after GC invocations=12 (full 2):
 PSYoungGen      total 331776K, used 21500K [0x00000000d6f80000, 0x00000000eed80000, 0x0000000100000000)
  eden space 310272K, 0% used [0x00000000d6f80000,0x00000000d6f80000,0x00000000e9e80000)
  from space 21504K, 99% used [0x00000000ebe80000,0x00000000ed37f150,0x00000000ed380000)
  to   space 32768K, 0% used [0x00000000e9e80000,0x00000000e9e80000,0x00000000ebe80000)
 ParOldGen       total 116224K, used 57126K [0x0000000084e00000, 0x000000008bf80000, 0x00000000d6f80000)
  object space 116224K, 49% used [0x0000000084e00000,0x00000000885c9bb0,0x000000008bf80000)
 Metaspace       used 40046K, capacity 41300K, committed 41384K, reserved 1085440K
  class space    used 4602K, capacity 4989K, committed 5040K, reserved 1048576K
}
Event: 18,470 GC heap before
{Heap before GC invocations=13 (full 2):
 PSYoungGen      total 331776K, used 331772K [0x00000000d6f80000, 0x00000000eed80000, 0x0000000100000000)
  eden space 310272K, 100% used [0x00000000d6f80000,0x00000000e9e80000,0x00000000e9e80000)
  from space 21504K, 99% used [0x00000000ebe80000,0x00000000ed37f150,0x00000000ed380000)
  to   space 32768K, 0% used [0x00000000e9e80000,0x00000000e9e80000,0x00000000ebe80000)
 ParOldGen       total 116224K, used 57126K [0x0000000084e00000, 0x000000008bf80000, 0x00000000d6f80000)
  object space 116224K, 49% used [0x0000000084e00000,0x00000000885c9bb0,0x000000008bf80000)
 Metaspace       used 40055K, capacity 41300K, committed 41384K, reserved 1085440K
  class space    used 4603K, capacity 4989K, committed 5040K, reserved 1048576K
Event: 18,675 GC heap after
Heap after GC invocations=13 (full 2):
 PSYoungGen      total 343040K, used 32750K [0x00000000d6f80000, 0x00000000fa200000, 0x0000000100000000)
  eden space 310272K, 0% used [0x00000000d6f80000,0x00000000d6f80000,0x00000000e9e80000)
  from space 32768K, 99% used [0x00000000e9e80000,0x00000000ebe7b890,0x00000000ebe80000)
  to   space 77824K, 0% used [0x00000000f5600000,0x00000000f5600000,0x00000000fa200000)
 ParOldGen       total 165376K, used 164635K [0x0000000084e00000, 0x000000008ef80000, 0x00000000d6f80000)
  object space 165376K, 99% used [0x0000000084e00000,0x000000008eec6cd0,0x000000008ef80000)
 Metaspace       used 40055K, capacity 41300K, committed 41384K, reserved 1085440K
  class space    used 4603K, capacity 4989K, committed 5040K, reserved 1048576K
}
Event: 18,675 GC heap before
{Heap before GC invocations=14 (full 3):
 PSYoungGen      total 343040K, used 32750K [0x00000000d6f80000, 0x00000000fa200000, 0x0000000100000000)
  eden space 310272K, 0% used [0x00000000d6f80000,0x00000000d6f80000,0x00000000e9e80000)
  from space 32768K, 99% used [0x00000000e9e80000,0x00000000ebe7b890,0x00000000ebe80000)
  to   space 77824K, 0% used [0x00000000f5600000,0x00000000f5600000,0x00000000fa200000)
 ParOldGen       total 165376K, used 164635K [0x0000000084e00000, 0x000000008ef80000, 0x00000000d6f80000)
  object space 165376K, 99% used [0x0000000084e00000,0x000000008eec6cd0,0x000000008ef80000)
 Metaspace       used 40055K, capacity 41300K, committed 41384K, reserved 1085440K
  class space    used 4603K, capacity 4989K, committed 5040K, reserved 1048576K
Event: 19,232 GC heap after
Heap after GC invocations=14 (full 3):
 PSYoungGen      total 343040K, used 27093K [0x00000000d6f80000, 0x00000000fa200000, 0x0000000100000000)
  eden space 310272K, 0% used [0x00000000d6f80000,0x00000000d6f80000,0x00000000e9e80000)
  from space 32768K, 82% used [0x00000000e9e80000,0x00000000eb8f55f8,0x00000000ebe80000)
  to   space 77824K, 0% used [0x00000000f5600000,0x00000000f5600000,0x00000000fa200000)
 ParOldGen       total 307200K, used 156701K [0x0000000084e00000, 0x0000000097a00000, 0x00000000d6f80000)
  object space 307200K, 51% used [0x0000000084e00000,0x000000008e707590,0x0000000097a00000)
 Metaspace       used 40055K, capacity 41300K, committed 41384K, reserved 1085440K
  class space    used 4603K, capacity 4989K, committed 5040K, reserved 1048576K
}
Event: 21,284 GC heap before
{Heap before GC invocations=15 (full 3):
 PSYoungGen      total 343040K, used 337365K [0x00000000d6f80000, 0x00000000fa200000, 0x0000000100000000)
  eden space 310272K, 100% used [0x00000000d6f80000,0x00000000e9e80000,0x00000000e9e80000)
  from space 32768K, 82% used [0x00000000e9e80000,0x00000000eb8f55f8,0x00000000ebe80000)
  to   space 77824K, 0% used [0x00000000f5600000,0x00000000f5600000,0x00000000fa200000)
 ParOldGen       total 307200K, used 156701K [0x0000000084e00000, 0x0000000097a00000, 0x00000000d6f80000)
  object space 307200K, 51% used [0x0000000084e00000,0x000000008e707590,0x0000000097a00000)
 Metaspace       used 40269K, capacity 41536K, committed 41640K, reserved 1085440K
  class space    used 4613K, capacity 5023K, committed 5040K, reserved 1048576K
Event: 21,407 GC heap after
Heap after GC invocations=15 (full 3):
 PSYoungGen      total 464384K, used 77803K [0x00000000d6f80000, 0x00000000fd000000, 0x0000000100000000)
  eden space 386560K, 0% used [0x00000000d6f80000,0x00000000d6f80000,0x00000000ee900000)
  from space 77824K, 99% used [0x00000000f5600000,0x00000000fa1faea0,0x00000000fa200000)
  to   space 111616K, 0% used [0x00000000ee900000,0x00000000ee900000,0x00000000f5600000)
 ParOldGen       total 307200K, used 211168K [0x0000000084e00000, 0x0000000097a00000, 0x00000000d6f80000)
  object space 307200K, 68% used [0x0000000084e00000,0x0000000091c380b8,0x0000000097a00000)
 Metaspace       used 40269K, capacity 41536K, committed 41640K, reserved 1085440K
  class space    used 4613K, capacity 5023K, committed 5040K, reserved 1048576K
}
Event: 22,169 GC heap before
{Heap before GC invocations=16 (full 3):
 PSYoungGen      total 464384K, used 464363K [0x00000000d6f80000, 0x00000000fd000000, 0x0000000100000000)
  eden space 386560K, 100% used [0x00000000d6f80000,0x00000000ee900000,0x00000000ee900000)
  from space 77824K, 99% used [0x00000000f5600000,0x00000000fa1faea0,0x00000000fa200000)
  to   space 111616K, 0% used [0x00000000ee900000,0x00000000ee900000,0x00000000f5600000)
 ParOldGen       total 307200K, used 211168K [0x0000000084e00000, 0x0000000097a00000, 0x00000000d6f80000)
  object space 307200K, 68% used [0x0000000084e00000,0x0000000091c380b8,0x0000000097a00000)
 Metaspace       used 40373K, capacity 41664K, committed 41896K, reserved 1085440K
  class space    used 4613K, capacity 5023K, committed 5040K, reserved 1048576K
Event: 22,373 GC heap after
Heap after GC invocations=16 (full 3):
 PSYoungGen      total 498176K, used 111599K [0x00000000d6f80000, 0x0000000100000000, 0x0000000100000000)
  eden space 386560K, 0% used [0x00000000d6f80000,0x00000000d6f80000,0x00000000ee900000)
  from space 111616K, 99% used [0x00000000ee900000,0x00000000f55fbe80,0x00000000f5600000)
  to   space 147456K, 0% used [0x00000000f7000000,0x00000000f7000000,0x0000000100000000)
 ParOldGen       total 307200K, used 253586K [0x0000000084e00000, 0x0000000097a00000, 0x00000000d6f80000)
  object space 307200K, 82% used [0x0000000084e00000,0x00000000945a4a10,0x0000000097a00000)
 Metaspace       used 40373K, capacity 41664K, committed 41896K, reserved 1085440K
  class space    used 4613K, capacity 5023K, committed 5040K, reserved 1048576K
}
Event: 22,379 GC heap before
{Heap before GC invocations=17 (full 4):
 PSYoungGen      total 498176K, used 111599K [0x00000000d6f80000, 0x0000000100000000, 0x0000000100000000)
  eden space 386560K, 0% used [0x00000000d6f80000,0x00000000d6f80000,0x00000000ee900000)
  from space 111616K, 99% used [0x00000000ee900000,0x00000000f55fbe80,0x00000000f5600000)
  to   space 147456K, 0% used [0x00000000f7000000,0x00000000f7000000,0x0000000100000000)
 ParOldGen       total 307200K, used 253586K [0x0000000084e00000, 0x0000000097a00000, 0x00000000d6f80000)
  object space 307200K, 82% used [0x0000000084e00000,0x00000000945a4a10,0x0000000097a00000)
 Metaspace       used 40373K, capacity 41664K, committed 41896K, reserved 1085440K
  class space    used 4613K, capacity 5023K, committed 5040K, reserved 1048576K

